[debug] > Exec(early(addDefaultCommands), None, None)
[debug] > Exec(addDefaultCommands, None, None)
[debug] > Exec(early(initialize), None, None)
[debug] > Exec(initialize, None, None)
[debug] > Exec(boot, None, None)
[debug] > Exec(writeSbtVersion, None, None)
[debug] > Exec(reload, None, None)
[debug] > Exec(sbtStashOnFailure, None, None)
[debug] > Exec(onFailure loadFailed, None, None)
[debug] > Exec(loadp, None, None)
[info] welcome to sbt 1.10.0 (Amazon.com Inc. Java 11.0.23)
[debug] Load.defaultLoad until apply took 277.4872ms
[debug]           Load.loadUnit: plugins took 234.5988ms
[debug]           Load.loadUnit: defsScala took 0.7091ms
[debug] [Loading] Scanning directory E:\MovieRatingsProject\project
[debug] [Loading] Found non-root projects 
[debug] [Loading] Done in E:\MovieRatingsProject\project, returning: ()
[debug] deducing auto plugins based on known facts Set(Atom(sbt.plugins.CorePlugin)) and clauses Clauses(Clause(Atom(sbt.plugins.JvmPlugin),Set(Atom(sbt.plugins.IvyPlugin)))
[debug] Clause(Atom(sbt.ScriptedPlugin),Set(Atom(sbt.plugins.JvmPlugin)))
[debug] Clause(Atom(sbt.plugins.SbtPlugin),Set(Atom(sbt.ScriptedPlugin)))
[debug] Clause(Atom(sbt.plugins.SemanticdbPlugin),Set(Atom(sbt.plugins.JvmPlugin)))
[debug] Clause(Atom(sbt.plugins.JUnitXmlReportPlugin),Set(Atom(sbt.plugins.JvmPlugin)))
[debug] Clause(Atom(sbt.plugins.MiniDependencyTreePlugin),Set(Atom(sbt.plugins.JvmPlugin)))
[debug] Clause(Atom(sbt.plugins.CorePlugin),Set(Atom(sbt.plugins.IvyPlugin)))
[debug] Clause(Atom(sbt.plugins.IvyPlugin),Set(Atom(sbt.plugins.JvmPlugin)))
[debug] Clause(Atom(sbt.plugins.JvmPlugin),Set(Atom(sbt.plugins.SemanticdbPlugin)))
[debug] Clause(Atom(sbt.plugins.JvmPlugin),Set(Atom(sbt.plugins.JUnitXmlReportPlugin)))
[debug] Clause(Atom(sbt.plugins.CorePlugin),Set(Atom(sbt.plugins.Giter8TemplatePlugin)))
[debug] Clause(Atom(sbt.plugins.JvmPlugin),Set(Atom(sbt.plugins.MiniDependencyTreePlugin))))
[debug]   :: deduced result: Matched(sbt.plugins.CorePlugin,sbt.plugins.Giter8TemplatePlugin,sbt.plugins.IvyPlugin,sbt.plugins.JvmPlugin,sbt.plugins.MiniDependencyTreePlugin,sbt.plugins.JUnitXmlReportPlugin,sbt.plugins.SemanticdbPlugin)
[debug] Plugins.deducer#function took 39.4875 ms
[debug]               Load.resolveProject(movieratingsproject-build) took 90.7952ms
[debug]             Load.loadTransitive: finalizeProject(Project(id movieratingsproject-build, base: E:\MovieRatingsProject\project, plugins: List(<none>))) took 182.9115ms
[debug] [Loading] Done in E:\MovieRatingsProject\project, returning: (movieratingsproject-build)
[debug]           Load.loadUnit: loadedProjectsRaw took 296.8943ms
[debug]           Load.loadUnit: cleanEvalClasses took 0.3773ms
[debug]         Load.loadUnit(file:/E:/MovieRatingsProject/project/, ...) took 543.6252ms
[debug]       Load.apply: load took 874.8376ms
[debug]       Load.apply: resolveProjects took 10.6238ms
[debug]       Load.apply: finalTransforms took 144.5442ms
[debug]       Load.apply: config.delegates took 16.1712ms
[debug]       Load.apply: Def.make(settings)... took 1187.5192ms
[debug]       Load.apply: structureIndex took 357.2098ms
[debug]       Load.apply: mkStreams took 4.2164ms
[info] loading project definition from E:\MovieRatingsProject\project
[debug] Running task... Cancel: Signal, check cycles: false, forcegc: true
[debug]     Load.loadUnit: plugins took 4577.2929ms
[debug]     Load.loadUnit: defsScala took 0.0126ms
[debug] [Loading] Scanning directory E:\MovieRatingsProject
[debug]       Load.loadUnit: mkEval took 14.3046ms
[debug] [Loading] Found root project root w/ remaining 
[debug] deducing auto plugins based on known facts Set(Atom(sbt.plugins.CorePlugin)) and clauses Clauses(Clause(Atom(sbt.plugins.JvmPlugin),Set(Atom(sbt.plugins.IvyPlugin)))
[debug] Clause(Atom(sbt.ScriptedPlugin),Set(Atom(sbt.plugins.JvmPlugin)))
[debug] Clause(Atom(sbt.plugins.SbtPlugin),Set(Atom(sbt.ScriptedPlugin)))
[debug] Clause(Atom(sbt.plugins.SemanticdbPlugin),Set(Atom(sbt.plugins.JvmPlugin)))
[debug] Clause(Atom(sbt.plugins.JUnitXmlReportPlugin),Set(Atom(sbt.plugins.JvmPlugin)))
[debug] Clause(Atom(sbt.plugins.MiniDependencyTreePlugin),Set(Atom(sbt.plugins.JvmPlugin)))
[debug] Clause(Atom(sbt.plugins.CorePlugin),Set(Atom(sbt.plugins.IvyPlugin)))
[debug] Clause(Atom(sbt.plugins.IvyPlugin),Set(Atom(sbt.plugins.JvmPlugin)))
[debug] Clause(Atom(sbt.plugins.JvmPlugin),Set(Atom(sbt.plugins.SemanticdbPlugin)))
[debug] Clause(Atom(sbt.plugins.JvmPlugin),Set(Atom(sbt.plugins.JUnitXmlReportPlugin)))
[debug] Clause(Atom(sbt.plugins.CorePlugin),Set(Atom(sbt.plugins.Giter8TemplatePlugin)))
[debug] Clause(Atom(sbt.plugins.JvmPlugin),Set(Atom(sbt.plugins.MiniDependencyTreePlugin))))
[debug]   :: deduced result: Matched(sbt.plugins.CorePlugin,sbt.plugins.Giter8TemplatePlugin,sbt.plugins.IvyPlugin,sbt.plugins.JvmPlugin,sbt.plugins.MiniDependencyTreePlugin,sbt.plugins.JUnitXmlReportPlugin,sbt.plugins.SemanticdbPlugin)
[debug] Plugins.deducer#function took 4.8482 ms
[info] loading settings for project root from build.sbt ...
[debug]         Load.resolveProject(root) took 6.0142ms
[debug]       Load.loadTransitive: finalizeProject(Project(id root, base: E:\MovieRatingsProject, plugins: List(<none>))) took 12.8398ms
[debug] [Loading] Done in E:\MovieRatingsProject, returning: (root)
[debug]     Load.loadUnit: loadedProjectsRaw took 419.7771ms
[debug]     Load.loadUnit: cleanEvalClasses took 11.2076ms
[debug]   Load.loadUnit(file:/E:/MovieRatingsProject/, ...) took 5015.6349ms
[debug] Load.apply: load took 5131.073ms
[debug] Load.apply: resolveProjects took 0.4311ms
[debug] Load.apply: finalTransforms took 84.8496ms
[debug] Load.apply: config.delegates took 0.8431ms
[debug] Load.apply: Def.make(settings)... took 258.7393ms
[debug] Load.apply: structureIndex took 87.3303ms
[debug] Load.apply: mkStreams took 0.0045ms
[info] set current project to MovieRatingsProject (in build file:/E:/MovieRatingsProject/)
[debug] > Exec(sbtPopOnFailure, None, None)
[debug] > Exec(resumeFromFailure, None, None)
[debug] > Exec(notifyUsersAboutShell, None, None)
[debug] > Exec(iflast shell, None, None)
[debug] > Exec(shell, None, None)
[info] 
[info] Here are some highlights of sbt 1.10.0:
[info]   - SIP-51 support for Scala 2.13 evolution
[info]   - Various Zinc fixes
[info]   - ConsistentAnalysisFormat: new Zinc Analysis serialization
[info]   - CommandProgress API
[info] See https://eed3si9n.com/sbt-1.10.0 for full release notes.
[info] Hide the banner for this release by running `skipBanner`.
[info] sbt server started at local:sbt-server-b08031ac999a0118a8f6
[debug] Writing bsp connection file
[info] started sbt server
